[2012-06-02 16-11-48] Fatal error: Undefined variable: test in /home/vava/rhok/app/components/SearchContainer.php:30  @  http://localhost/rhok/?do=searchContainer-Autocomplete&text=pi  @@  exception-2012-06-02-16-11-48-398b8c2fd2b96b6635a36e2d672aa7d6.html
[2012-06-02 16-19-51] Nette\MemberAccessException: Call to undefined method SearchContainer::sendResponse(). in /home/vava/rhok/libs/Nette/common/ObjectMixin.php:72  @  http://localhost/rhok/?do=searchContainer-Autocomplete&text=pi  @@  exception-2012-06-02-16-19-51-e2b04dff2aae3638bbe7bbd450d14b2c.html
[2012-06-02 16-20-36] Nette\MemberAccessException: Call to undefined method SearchContainer::sendResponse(). in /home/vava/rhok/libs/Nette/common/ObjectMixin.php:72  @  http://localhost/rhok/?do=searchContainer-Autocomplete&text=pi  @@  exception-2012-06-02-16-19-51-e2b04dff2aae3638bbe7bbd450d14b2c.html
[2012-06-02 16-26-17] Fatal error: Undefined variable: httpRequest in /home/vava/rhok/app/components/SearchContainer.php:31  @  http://localhost/rhok/?do=searchContainer-Autocomplete&text=pi  @@  exception-2012-06-02-16-26-17-3724d5732495716461347d2ad1d32d97.html
